\BOOKMARK [0][-]{chapter.1}{\376\377\000I\000n\000t\000r\000o\000d\000u\000c\000t\000i\000o\000n}{}% 1
\BOOKMARK [1][-]{section.1.1}{\376\377\000D\000i\000s\000t\000r\000i\000b\000u\000t\000i\000o\000n\000\040\000d\000'\000u\000n\000e\000\040\000d\000u\000r\000\351\000e}{chapter.1}% 2
\BOOKMARK [2][-]{subsection.1.1.1}{\376\377\000F\000o\000r\000m\000u\000l\000a\000t\000i\000o\000n\000\040\000c\000o\000n\000t\000i\000n\000u\000e}{section.1.1}% 3
\BOOKMARK [2][-]{subsection.1.1.2}{\376\377\000F\000o\000r\000m\000u\000l\000a\000t\000i\000o\000n\000\040\000d\000i\000s\000c\000r\000\350\000t\000e}{section.1.1}% 4
\BOOKMARK [2][-]{subsection.1.1.3}{\376\377\000L\000e\000\040\000p\000a\000s\000s\000a\000g\000e\000\040\000d\000u\000\040\000c\000o\000n\000t\000i\000n\000u\000\040\000a\000u\000\040\000d\000i\000s\000c\000r\000e\000t\000\040\000e\000t\000\040\000i\000n\000v\000e\000r\000s\000e\000m\000e\000n\000t}{section.1.1}% 5
\BOOKMARK [1][-]{section.1.2}{\376\377\000M\000o\000d\000\351\000l\000i\000s\000a\000t\000i\000o\000n\000\040\000s\000t\000a\000t\000i\000s\000t\000i\000q\000u\000e}{chapter.1}% 6
\BOOKMARK [0][-]{chapter.2}{\376\377\000A\000p\000p\000r\000o\000c\000h\000e\000\040\000p\000a\000r\000a\000m\000\351\000t\000r\000i\000q\000u\000e}{}% 7
\BOOKMARK [1][-]{section.2.1}{\376\377\000F\000o\000n\000c\000t\000i\000o\000n\000\040\000d\000e\000\040\000v\000r\000a\000i\000s\000e\000m\000b\000l\000a\000n\000c\000e\000\040\000e\000n\000\040\000p\000r\000\351\000s\000e\000n\000c\000e\000\040\000d\000e\000\040\000c\000e\000n\000s\000u\000r\000e\000\040\000e\000t\000\040\000d\000e\000\040\000t\000r\000o\000n\000c\000a\000t\000u\000r\000e}{chapter.2}% 8
\BOOKMARK [2][-]{subsection.2.1.1}{\376\377\000C\000e\000n\000s\000u\000r\000e}{section.2.1}% 9
\BOOKMARK [2][-]{subsection.2.1.2}{\376\377\000T\000r\000o\000n\000c\000a\000t\000u\000r\000e}{section.2.1}% 10
\BOOKMARK [1][-]{section.2.2}{\376\377\000L\000o\000i\000s\000\040\000p\000a\000r\000a\000m\000\351\000t\000r\000i\000q\000u\000e\000s\000\040\000u\000s\000u\000e\000l\000l\000e\000s}{chapter.2}% 11
\BOOKMARK [2][-]{subsection.2.2.1}{\376\377\000L\000o\000i\000\040\000e\000x\000p\000o\000n\000e\000n\000t\000i\000e\000l\000l\000e}{section.2.2}% 12
\BOOKMARK [2][-]{subsection.2.2.2}{\376\377\000L\000o\000i\000\040\000G\000a\000m\000m\000a}{section.2.2}% 13
\BOOKMARK [2][-]{subsection.2.2.3}{\376\377\000L\000o\000i\000\040\000d\000e\000\040\000W\000e\000i\000b\000u\000l\000l}{section.2.2}% 14
\BOOKMARK [1][-]{section.2.3}{\376\377\000C\000o\000m\000p\000a\000r\000a\000i\000s\000o\000n\000\040\000e\000t\000\040\000s\000\351\000l\000e\000c\000t\000i\000o\000n\000\040\000d\000'\000u\000n\000\040\000m\000o\000d\000\350\000l\000e}{chapter.2}% 15
\BOOKMARK [2][-]{subsection.2.3.1}{\376\377\000C\000r\000i\000t\000\350\000r\000e\000\040\000d\000'\000i\000n\000f\000o\000r\000m\000a\000t\000i\000o\000n}{section.2.3}% 16
\BOOKMARK [2][-]{subsection.2.3.2}{\376\377\000T\000e\000s\000t\000\040\000d\000'\000a\000d\000\351\000q\000u\000a\000t\000i\000o\000n}{section.2.3}% 17
\BOOKMARK [0][-]{chapter.3}{\376\377\000A\000p\000p\000r\000o\000c\000h\000e\000\040\000n\000o\000n\000\040\000p\000a\000r\000a\000m\000\351\000t\000r\000i\000q\000u\000e}{}% 18
\BOOKMARK [1][-]{section.3.1}{\376\377\000E\000s\000t\000i\000m\000a\000t\000e\000u\000r\000\040\000d\000e\000\040\000K\000a\000p\000l\000a\000n\000-\000M\000e\000i\000e\000r\000\040\000e\000t\000\040\000N\000e\000l\000s\000o\000n\000-\000A\000a\000l\000e\000n}{chapter.3}% 19
\BOOKMARK [1][-]{section.3.2}{\376\377\000V\000a\000r\000i\000a\000n\000c\000e\000\040\000e\000t\000\040\000i\000n\000t\000e\000r\000v\000a\000l\000l\000e\000\040\000d\000e\000\040\000c\000o\000n\000f\000i\000a\000n\000c\000e}{chapter.3}% 20
\BOOKMARK [2][-]{subsection.3.2.1}{\376\377\000R\000a\000p\000p\000e\000l\000\040\000d\000e\000s\000\040\000p\000r\000o\000p\000r\000i\000\351\000t\000\351\000s\000\040\000d\000e\000\040\000l\000'\000e\000s\000t\000i\000m\000a\000t\000e\000u\000r\000\040\000d\000u\000\040\000m\000a\000x\000i\000m\000u\000m\000\040\000d\000e\000\040\000v\000r\000a\000i\000s\000e\000m\000b\000l\000a\000n\000c\000e}{section.3.2}% 21
\BOOKMARK [2][-]{subsection.3.2.2}{\376\377\000A\000p\000p\000l\000i\000c\000a\000t\000i\000o\000n\000\040\000\340\000\040\000l\000'\000e\000s\000t\000i\000m\000a\000t\000e\000u\000r\000\040\000d\000e\000\040\000K\000a\000p\000l\000a\000n\000-\000M\000e\000i\000e\000r}{section.3.2}% 22
\BOOKMARK [1][-]{section.3.3}{\376\377\000C\000o\000m\000p\000a\000r\000a\000i\000s\000o\000n\000\040\000d\000e\000\040\000l\000a\000\040\000c\000o\000u\000r\000b\000e\000\040\000d\000e\000\040\000s\000u\000r\000v\000i\000e\000\040\000d\000a\000n\000s\000\040\000d\000e\000u\000x\000\040\000p\000o\000p\000u\000l\000a\000t\000i\000o\000n\000s}{chapter.3}% 23
\BOOKMARK [0][-]{chapter.4}{\376\377\000M\000o\000d\000\350\000l\000e\000s\000\040\000\340\000\040\000h\000a\000s\000a\000r\000d\000\040\000p\000r\000o\000p\000o\000r\000t\000i\000o\000n\000e\000l}{}% 24
\BOOKMARK [1][-]{section.4.1}{\376\377\000D\000\351\000f\000i\000n\000i\000t\000i\000o\000n\000\040\000d\000u\000\040\000m\000o\000d\000\350\000l\000e}{chapter.4}% 25
\BOOKMARK [1][-]{section.4.2}{\376\377\000I\000n\000f\000\351\000r\000e\000n\000c\000e\000\040\000d\000e\000s\000\040\000p\000a\000r\000a\000m\000\350\000t\000r\000e\000s}{chapter.4}% 26
\BOOKMARK [1][-]{section.4.3}{\376\377\000T\000e\000s\000t\000\040\000d\000'\000h\000y\000p\000o\000t\000h\000\350\000s\000e}{chapter.4}% 27
\BOOKMARK [2][-]{subsection.4.3.1}{\376\377\000S\000i\000g\000n\000i\000f\000i\000c\000a\000t\000i\000v\000i\000t\000\351\000\040\000d\000e\000s\000\040\000c\000o\000e\000f\000f\000i\000c\000i\000e\000n\000t\000s\000:\000\040\000l\000e\000\040\000t\000e\000s\000t\000\040\000d\000e\000\040\000W\000a\000l\000d}{section.4.3}% 28
\BOOKMARK [2][-]{subsection.4.3.2}{\376\377\000S\000i\000g\000n\000i\000f\000i\000c\000a\000t\000i\000v\000i\000t\000\351\000\040\000d\000u\000\040\000m\000o\000d\000\350\000l\000e\000:\000\040\000l\000e\000\040\000t\000e\000s\000t\000\040\000d\000u\000\040\000r\000a\000p\000p\000o\000r\000t\000\040\000d\000e\000\040\000v\000r\000a\000i\000s\000e\000m\000b\000l\000a\000n\000c\000e}{section.4.3}% 29
\BOOKMARK [2][-]{subsection.4.3.3}{\376\377\000V\000\351\000r\000i\000f\000i\000c\000a\000t\000i\000o\000n\000\040\000d\000e\000\040\000l\000'\000h\000y\000p\000o\000t\000h\000\350\000s\000e\000\040\000d\000e\000\040\000p\000r\000o\000p\000o\000r\000t\000i\000o\000n\000a\000l\000i\000t\000\351}{section.4.3}% 30
\BOOKMARK [0][-]{chapter.5}{\376\377\000T\000a\000b\000l\000e\000\040\000d\000e\000\040\000m\000o\000r\000t\000a\000l\000i\000t\000\351}{}% 31
\BOOKMARK [1][-]{section.5.1}{\376\377\000E\000s\000t\000i\000m\000a\000t\000i\000o\000n\000\040\000d\000e\000s\000\040\000p\000r\000o\000b\000a\000b\000i\000l\000i\000t\000\351\000s\000\040\000d\000e\000\040\000d\000\351\000c\000\350\000s\000\040\000e\000t\000\040\000d\000e\000s\000\040\000t\000a\000u\000x\000\040\000d\000e\000\040\000m\000o\000r\000t\000a\000l\000i\000t\000\351}{chapter.5}% 32
\BOOKMARK [2][-]{subsection.5.1.1}{\376\377\000N\000o\000t\000a\000t\000i\000o\000n\000s\000\040\000e\000t\000\040\000d\000o\000n\000\351\000e\000s}{section.5.1}% 33
\BOOKMARK [2][-]{subsection.5.1.2}{\376\377\000E\000s\000t\000i\000m\000a\000t\000i\000o\000n}{section.5.1}% 34
\BOOKMARK [1][-]{section.5.2}{\376\377\000L\000i\000s\000s\000a\000g\000e\000\040\000e\000t\000\040\000f\000e\000r\000m\000e\000t\000u\000r\000e\000\040\000d\000e\000\040\000l\000a\000\040\000t\000a\000b\000l\000e}{chapter.5}% 35
\BOOKMARK [2][-]{subsection.5.2.1}{\376\377\000L\000i\000s\000s\000a\000g\000e\000\040\000p\000a\000r\000a\000m\000\351\000t\000r\000i\000q\000u\000e}{section.5.2}% 36
\BOOKMARK [2][-]{subsection.5.2.2}{\376\377\000L\000i\000s\000s\000a\000g\000e\000\040\000d\000e\000\040\000W\000h\000i\000t\000t\000a\000k\000e\000r\000-\000H\000e\000n\000d\000e\000r\000s\000o\000n}{section.5.2}% 37
\BOOKMARK [2][-]{subsection.5.2.3}{\376\377\000F\000e\000r\000m\000e\000t\000u\000r\000e\000\040\000d\000e\000\040\000l\000a\000\040\000t\000a\000b\000l\000e}{section.5.2}% 38
\BOOKMARK [2][-]{subsection.5.2.4}{\376\377\000V\000a\000l\000i\000d\000a\000t\000i\000o\000n\000\040\000d\000e\000\040\000l\000'\000a\000j\000u\000s\000t\000e\000m\000e\000n\000t}{section.5.2}% 39
\BOOKMARK [1][-]{section.5.3}{\376\377\000E\000v\000o\000l\000u\000t\000i\000o\000n\000\040\000t\000e\000m\000p\000o\000r\000e\000l\000l\000e\000\040\000d\000e\000\040\000l\000a\000\040\000m\000o\000r\000t\000a\000l\000i\000t\000\351\000\040\000e\000t\000\040\000e\000f\000f\000e\000t\000\040\000c\000o\000h\000o\000r\000t\000e}{chapter.5}% 40
\BOOKMARK [2][-]{subsection.5.3.1}{\376\377\000D\000i\000a\000g\000r\000a\000m\000m\000e\000\040\000d\000e\000\040\000L\000e\000x\000i\000s}{section.5.3}% 41
\BOOKMARK [2][-]{subsection.5.3.2}{\376\377\000T\000a\000u\000x\000\040\000d\000e\000\040\000m\000o\000r\000t\000a\000l\000i\000t\000\351\000\040\000p\000a\000r\000\040\000p\000\351\000r\000i\000o\000d\000e}{section.5.3}% 42
\BOOKMARK [2][-]{subsection.5.3.3}{\376\377\000T\000a\000u\000x\000\040\000d\000e\000\040\000m\000o\000r\000t\000a\000l\000i\000t\000\351\000\040\000p\000a\000r\000\040\000c\000o\000h\000o\000r\000t\000e}{section.5.3}% 43
\BOOKMARK [2][-]{subsection.5.3.4}{\376\377\000M\000o\000d\000\350\000l\000e\000\040\000d\000e\000\040\000p\000r\000o\000j\000e\000c\000t\000i\000o\000n\000\040\000d\000e\000\040\000l\000a\000\040\000m\000o\000r\000t\000a\000l\000i\000t\000\351}{section.5.3}% 44
\BOOKMARK [1][-]{section.5.4}{\376\377\000A\000n\000n\000e\000x\000e\000:\000\040\000L\000i\000s\000s\000a\000g\000e\000\040\000p\000a\000r\000\040\000m\000o\000y\000e\000n\000n\000e\000s\000\040\000m\000o\000b\000i\000l\000e\000s}{chapter.5}% 45
\BOOKMARK [1][-]{section.5.5}{\376\377\000A\000n\000n\000e\000x\000e\000:\000\040\000W\000h\000i\000t\000t\000a\000k\000e\000r\000-\000H\000e\000n\000d\000e\000r\000s\000o\000n\000\040\000v\000u\000\040\000c\000o\000m\000m\000e\000\040\000u\000n\000\040\000l\000i\000s\000s\000a\000g\000e\000\040\000b\000a\000y\000\351\000s\000i\000e\000n}{chapter.5}% 46
